<?xml version="1.0" encoding="UTF-8" ?>
<testsuite tests="8" failures="1" name="Login.TestLogin" time="78.271" errors="0" skipped="0">
  <properties>
    <property name="java.runtime.name" value="Java(TM) SE Runtime Environment"/>
    <property name="sun.boot.library.path" value="/usr/lib/jvm/java-8-oracle/jre/lib/amd64"/>
    <property name="java.vm.version" value="25.161-b12"/>
    <property name="java.vm.vendor" value="Oracle Corporation"/>
    <property name="maven.multiModuleProjectDirectory" value="/home/sysadmin/Workspaces/EZQUA/tests"/>
    <property name="java.vendor.url" value="http://java.oracle.com/"/>
    <property name="path.separator" value=":"/>
    <property name="guice.disable.misplaced.annotation.check" value="true"/>
    <property name="java.vm.name" value="Java HotSpot(TM) 64-Bit Server VM"/>
    <property name="file.encoding.pkg" value="sun.io"/>
    <property name="user.country" value="US"/>
    <property name="sun.java.launcher" value="SUN_STANDARD"/>
    <property name="sun.os.patch.level" value="unknown"/>
    <property name="test" value="TestLogin"/>
    <property name="java.vm.specification.name" value="Java Virtual Machine Specification"/>
    <property name="user.dir" value="/home/sysadmin/Workspaces/EZQUA/tests"/>
    <property name="java.runtime.version" value="1.8.0_161-b12"/>
    <property name="java.awt.graphicsenv" value="sun.awt.X11GraphicsEnvironment"/>
    <property name="java.endorsed.dirs" value="/usr/lib/jvm/java-8-oracle/jre/lib/endorsed"/>
    <property name="os.arch" value="amd64"/>
    <property name="java.io.tmpdir" value="/tmp"/>
    <property name="line.separator" value="
"/>
    <property name="java.vm.specification.vendor" value="Oracle Corporation"/>
    <property name="os.name" value="Linux"/>
    <property name="classworlds.conf" value="/usr/local/bin/m2.conf"/>
    <property name="sun.jnu.encoding" value="UTF-8"/>
    <property name="java.library.path" value="/usr/java/packages/lib/amd64:/usr/lib64:/lib64:/lib:/usr/lib"/>
    <property name="maven.conf" value="/usr/local/conf"/>
    <property name="java.specification.name" value="Java Platform API Specification"/>
    <property name="java.class.version" value="52.0"/>
    <property name="sun.management.compiler" value="HotSpot 64-Bit Tiered Compilers"/>
    <property name="os.version" value="3.16.0-4-amd64"/>
    <property name="library.jansi.path" value="/usr/local/lib/jansi-native/linux64"/>
    <property name="user.home" value="/home/sysadmin"/>
    <property name="user.timezone" value="Asia/Ho_Chi_Minh"/>
    <property name="java.awt.printerjob" value="sun.print.PSPrinterJob"/>
    <property name="java.specification.version" value="1.8"/>
    <property name="file.encoding" value="UTF-8"/>
    <property name="user.name" value="sysadmin"/>
    <property name="java.class.path" value="/usr/local/boot/plexus-classworlds-2.5.2.jar"/>
    <property name="java.vm.specification.version" value="1.8"/>
    <property name="sun.arch.data.model" value="64"/>
    <property name="java.home" value="/usr/lib/jvm/java-8-oracle/jre"/>
    <property name="sun.java.command" value="org.codehaus.plexus.classworlds.launcher.Launcher -Dtest=TestLogin test"/>
    <property name="java.specification.vendor" value="Oracle Corporation"/>
    <property name="user.language" value="en"/>
    <property name="awt.toolkit" value="sun.awt.X11.XToolkit"/>
    <property name="java.vm.info" value="mixed mode"/>
    <property name="java.version" value="1.8.0_161"/>
    <property name="java.ext.dirs" value="/usr/lib/jvm/java-8-oracle/jre/lib/ext:/usr/java/packages/lib/ext"/>
    <property name="securerandom.source" value="file:/dev/./urandom"/>
    <property name="sun.boot.class.path" value="/usr/lib/jvm/java-8-oracle/jre/lib/resources.jar:/usr/lib/jvm/java-8-oracle/jre/lib/rt.jar:/usr/lib/jvm/java-8-oracle/jre/lib/sunrsasign.jar:/usr/lib/jvm/java-8-oracle/jre/lib/jsse.jar:/usr/lib/jvm/java-8-oracle/jre/lib/jce.jar:/usr/lib/jvm/java-8-oracle/jre/lib/charsets.jar:/usr/lib/jvm/java-8-oracle/jre/lib/jfr.jar:/usr/lib/jvm/java-8-oracle/jre/classes"/>
    <property name="java.vendor" value="Oracle Corporation"/>
    <property name="maven.home" value="/usr/local"/>
    <property name="file.separator" value="/"/>
    <property name="java.vendor.url.bug" value="http://bugreport.sun.com/bugreport/"/>
    <property name="sun.cpu.endian" value="little"/>
    <property name="sun.io.unicode.encoding" value="UnicodeLittle"/>
    <property name="sun.desktop" value="gnome"/>
    <property name="sun.cpu.isalist" value=""/>
  </properties>
  <testcase classname="Login.TestLogin" name="LoginWithAccountNull" time="18.603"/>
  <testcase classname="Login.TestLogin" name="LoginWithOnlyFillAccount" time="26.839"/>
  <testcase classname="Login.TestLogin" name="LoginWithOnlyFillPassword" time="27.554"/>
  <testcase classname="Login.TestLogin" name="LoginWithIncorrectPassword" time="5.18"/>
  <testcase classname="Login.TestLogin" name="LoginWithCorrectAccountAndPassword" time="0.006"/>
  <testcase classname="Login.TestLogin" name="LoginWithEmail" time="0.013"/>
  <testcase classname="Login.TestLogin" name="LoginWithPhoneNumner" time="0.018"/>
  <testcase classname="Login.TestLogin" name="afterTest" time="0.058">
    <failure message="A session is either terminated or not started (WARNING: The server did not provide any stacktrace information)
Command duration or timeout: 9 milliseconds
Build info: version: &apos;2.53.1&apos;, revision: &apos;a36b8b1cd5757287168e54b817830adce9b0158d&apos;, time: &apos;2016-06-30 19:26:09&apos;
System info: host: &apos;dfmpc106.example.com&apos;, ip: &apos;127.0.0.1&apos;, os.name: &apos;Linux&apos;, os.arch: &apos;amd64&apos;, os.version: &apos;3.16.0-4-amd64&apos;, java.version: &apos;1.8.0_161&apos;
Driver info: io.appium.java_client.android.AndroidDriver
Capabilities [{app=/home/sysadmin/Workspaces/EZQUA/tests/src/main/resources/app-debug.apk, appPackage=com.amely.socialapp, deviceScreenSize=1080x1920, networkConnectionEnabled=true, warnings={}, appWaitActivity=com.amely.socialapp.view.activity.LoginActivity&apos;,com.amely.socialapp.view.activity.LoginActivity, appWaitPackage=com.amely.socialapp, databaseEnabled=false, deviceName=3300a7537024b357, platform=LINUX, deviceUDID=3300a7537024b357, appActivity=com.amely.socialapp.view.activity.SplashScreenActivity, AppPackage=com.amely.socialapp, desired={app=/home/sysadmin/Workspaces/EZQUA/tests/src/main/resources/app-debug.apk, AppPackage=com.amely.socialapp, appWaitActivity=com.amely.socialapp.view.activity.LoginActivity&apos;,com.amely.socialapp.view.activity.LoginActivity, AppActivity=com.amely.socialapp.view.activity.SplashScreenActivity, platformName=Android, deviceName=192.168.57.101:5555}, platformVersion=7.0, webStorageEnabled=false, locationContextEnabled=false, takesScreenshot=true, AppActivity=com.amely.socialapp.view.activity.SplashScreenActivity, javascriptEnabled=true, deviceModel=SM-G610F, platformName=Android, deviceManufacturer=samsung}]
Session ID: 1cae9d31-d9af-45b2-8ef7-ff1d630a3d24" type="org.openqa.selenium.remote.SessionNotFoundException">org.openqa.selenium.remote.SessionNotFoundException: A session is either terminated or not started (WARNING: The server did not provide any stacktrace information)
Command duration or timeout: 9 milliseconds
Build info: version: &apos;2.53.1&apos;, revision: &apos;a36b8b1cd5757287168e54b817830adce9b0158d&apos;, time: &apos;2016-06-30 19:26:09&apos;
System info: host: &apos;dfmpc106.example.com&apos;, ip: &apos;127.0.0.1&apos;, os.name: &apos;Linux&apos;, os.arch: &apos;amd64&apos;, os.version: &apos;3.16.0-4-amd64&apos;, java.version: &apos;1.8.0_161&apos;
Driver info: io.appium.java_client.android.AndroidDriver
Capabilities [{app=/home/sysadmin/Workspaces/EZQUA/tests/src/main/resources/app-debug.apk, appPackage=com.amely.socialapp, deviceScreenSize=1080x1920, networkConnectionEnabled=true, warnings={}, appWaitActivity=com.amely.socialapp.view.activity.LoginActivity&apos;,com.amely.socialapp.view.activity.LoginActivity, appWaitPackage=com.amely.socialapp, databaseEnabled=false, deviceName=3300a7537024b357, platform=LINUX, deviceUDID=3300a7537024b357, appActivity=com.amely.socialapp.view.activity.SplashScreenActivity, AppPackage=com.amely.socialapp, desired={app=/home/sysadmin/Workspaces/EZQUA/tests/src/main/resources/app-debug.apk, AppPackage=com.amely.socialapp, appWaitActivity=com.amely.socialapp.view.activity.LoginActivity&apos;,com.amely.socialapp.view.activity.LoginActivity, AppActivity=com.amely.socialapp.view.activity.SplashScreenActivity, platformName=Android, deviceName=192.168.57.101:5555}, platformVersion=7.0, webStorageEnabled=false, locationContextEnabled=false, takesScreenshot=true, AppActivity=com.amely.socialapp.view.activity.SplashScreenActivity, javascriptEnabled=true, deviceModel=SM-G610F, platformName=Android, deviceManufacturer=samsung}]
Session ID: 1cae9d31-d9af-45b2-8ef7-ff1d630a3d24
	at sun.reflect.NativeConstructorAccessorImpl.newInstance0(Native Method)
	at sun.reflect.NativeConstructorAccessorImpl.newInstance(NativeConstructorAccessorImpl.java:62)
	at sun.reflect.DelegatingConstructorAccessorImpl.newInstance(DelegatingConstructorAccessorImpl.java:45)
	at java.lang.reflect.Constructor.newInstance(Constructor.java:423)
	at org.openqa.selenium.remote.ErrorHandler.createThrowable(ErrorHandler.java:206)
	at org.openqa.selenium.remote.ErrorHandler.throwIfResponseFailed(ErrorHandler.java:158)
	at org.openqa.selenium.remote.RemoteWebDriver.execute(RemoteWebDriver.java:678)
	at io.appium.java_client.DefaultGenericMobileDriver.execute(DefaultGenericMobileDriver.java:40)
	at io.appium.java_client.AppiumDriver.execute(AppiumDriver.java:235)
	at org.openqa.selenium.remote.RemoteWebDriver.quit(RemoteWebDriver.java:526)
	at Login.TestLogin.afterTest(TestLogin.java:211)
</failure>
  </testcase>
</testsuite>