<?xml version="1.0" encoding="UTF-8"?>
<!-- Generated by org.testng.reporters.JUnitReportReporter -->
<testsuite hostname="dfmpc106.example.com" name="Login.TestLogin" tests="7" failures="0" timestamp="11 Sep 2018 04:18:11 GMT" time="78.212" errors="0">
  <testcase name="LoginWithEmail" time="0.013" classname="Login.TestLogin"/>
  <testcase name="LoginWithPhoneNumner" time="0.018" classname="Login.TestLogin"/>
  <testcase name="LoginWithOnlyFillPassword" time="27.557" classname="Login.TestLogin"/>
  <testcase name="LoginWithIncorrectPassword" time="5.180" classname="Login.TestLogin"/>
  <testcase name="LoginWithCorrectAccountAndPassword" time="0.006" classname="Login.TestLogin"/>
  <testcase name="LoginWithOnlyFillAccount" time="26.839" classname="Login.TestLogin"/>
  <testcase name="LoginWithAccountNull" time="18.599" classname="Login.TestLogin"/>
</testsuite> <!-- Login.TestLogin -->
