<?xml version="1.0" encoding="UTF-8"?>
<!-- Generated by org.testng.reporters.JUnitReportReporter -->
<testsuite hostname="dfmpc106.example.com" name="Ezqua.Login" tests="6" failures="0" timestamp="17 Aug 2017 10:15:29 GMT" time="134.326" errors="0">
  <testcase name="LoginWithAccountNull" time="10.264" classname="Ezqua.Login"/>
  <testcase name="LoginWithOnlyFillAccount" time="21.468" classname="Ezqua.Login"/>
  <testcase name="LoginWithIncorrectAccountAndPassword" time="22.747" classname="Ezqua.Login"/>
  <testcase name="LoginWithIncorrectPassword" time="22.749" classname="Ezqua.Login"/>
  <testcase name="LoginWithCorrectAccountAndPassword" time="30.939" classname="Ezqua.Login"/>
  <testcase name="LoginWithOnlyFillPassword" time="26.159" classname="Ezqua.Login"/>
</testsuite> <!-- Ezqua.Login -->
