<?xml version="1.0" encoding="UTF-8"?>
<!-- Generated by org.testng.reporters.JUnitReportReporter -->
<testsuite hostname="dfmpc106.example.com" name="formForTest.TestSendEmoji" tests="1" failures="0" timestamp="17 Aug 2017 09:58:32 GMT" time="15.702" errors="0">
  <testcase name="CheckCaseSendText" time="15.702" classname="formForTest.TestSendEmoji"/>
</testsuite> <!-- formForTest.TestSendEmoji -->
